                                                                                                                        
>>>>>>>>>>>>>>>>>>>>>>>>>>>>>>>>>>>>>>>>>>>>>>>>>>>>>>>>>>>>>>>>>>>>>>>>>>>>>>>>>>>>>>>>>>>>>>>>>>>>>>>>>>>>>>>>>>>>>>>>
2025-01-03 16:46:10,387 - INFO - START epic_caboodle =============================================
2025-01-03 16:46:10,387 - INFO - START epic_caboodle Start Time = 2025-01-03 16:46:10
2025-01-03 16:46:10,387 - INFO - epic_caboodle Step 0 - Initialize the configuration file parser
2025-01-03 16:46:10,953 - INFO - PERFORMANCE epic_caboodle The total process duration was:0.57
2025-01-03 16:46:10,953 - INFO - PERFORMANCE epic_caboodle Stop Time = 2025-01-03 16:46:10
2025-01-03 16:46:10,953 - INFO - PERFORMANCE epic_caboodle Short process duration less than 3 Seconds:0.57
2025-01-03 16:46:10,953 - INFO - PERFORMANCE epic_caboodle Performance optimization is not reccomended
2025-01-03 16:46:10,954 - INFO - END epic_caboodle =============================================

<<<<<<<<<<<<<<<<<<<<<<<<<<<<<<<<<<<<<<<<<<<<<<<<<<<<<<<<<<<<<<<<<<<<<<<<<<<<<<<<<<<<<<<<<<<<<<<<<<<<<<<<<<<<<<<<<<<<<<<<
                                                                                                                        
                                                                                                                        
>>>>>>>>>>>>>>>>>>>>>>>>>>>>>>>>>>>>>>>>>>>>>>>>>>>>>>>>>>>>>>>>>>>>>>>>>>>>>>>>>>>>>>>>>>>>>>>>>>>>>>>>>>>>>>>>>>>>>>>>
2025-01-06 15:25:45,503 - INFO - START epic_caboodle =============================================
2025-01-06 15:25:45,503 - INFO - START epic_caboodle Start Time = 2025-01-06 15:25:45
2025-01-06 15:25:45,504 - INFO - epic_caboodle Step 0 - Initialize the configuration file parser
2025-01-06 15:25:46,021 - INFO - PERFORMANCE epic_caboodle The total process duration was:0.52
2025-01-06 15:25:46,022 - INFO - PERFORMANCE epic_caboodle Stop Time = 2025-01-06 15:25:46
2025-01-06 15:25:46,022 - INFO - PERFORMANCE epic_caboodle Short process duration less than 3 Seconds:0.52
2025-01-06 15:25:46,022 - INFO - PERFORMANCE epic_caboodle Performance optimization is not reccomended
2025-01-06 15:25:46,022 - INFO - END epic_caboodle =============================================

<<<<<<<<<<<<<<<<<<<<<<<<<<<<<<<<<<<<<<<<<<<<<<<<<<<<<<<<<<<<<<<<<<<<<<<<<<<<<<<<<<<<<<<<<<<<<<<<<<<<<<<<<<<<<<<<<<<<<<<<
                                                                                                                        
                                                                                                                        
>>>>>>>>>>>>>>>>>>>>>>>>>>>>>>>>>>>>>>>>>>>>>>>>>>>>>>>>>>>>>>>>>>>>>>>>>>>>>>>>>>>>>>>>>>>>>>>>>>>>>>>>>>>>>>>>>>>>>>>>
2025-01-06 15:26:28,858 - INFO - START epic_caboodle =============================================
2025-01-06 15:26:28,858 - INFO - START epic_caboodle Start Time = 2025-01-06 15:26:28
2025-01-06 15:26:28,858 - INFO - epic_caboodle Step 0 - Initialize the configuration file parser
2025-01-06 15:26:29,428 - INFO - PERFORMANCE epic_caboodle The total process duration was:0.57
2025-01-06 15:26:29,428 - INFO - PERFORMANCE epic_caboodle Stop Time = 2025-01-06 15:26:29
2025-01-06 15:26:29,429 - INFO - PERFORMANCE epic_caboodle Short process duration less than 3 Seconds:0.57
2025-01-06 15:26:29,429 - INFO - PERFORMANCE epic_caboodle Performance optimization is not reccomended
2025-01-06 15:26:29,429 - INFO - END epic_caboodle =============================================

<<<<<<<<<<<<<<<<<<<<<<<<<<<<<<<<<<<<<<<<<<<<<<<<<<<<<<<<<<<<<<<<<<<<<<<<<<<<<<<<<<<<<<<<<<<<<<<<<<<<<<<<<<<<<<<<<<<<<<<<
                                                                                                                        
                                                                                                                        
>>>>>>>>>>>>>>>>>>>>>>>>>>>>>>>>>>>>>>>>>>>>>>>>>>>>>>>>>>>>>>>>>>>>>>>>>>>>>>>>>>>>>>>>>>>>>>>>>>>>>>>>>>>>>>>>>>>>>>>>
2025-01-06 15:28:46,514 - INFO - START epic_caboodle =============================================
2025-01-06 15:28:46,514 - INFO - START epic_caboodle Start Time = 2025-01-06 15:28:46
2025-01-06 15:28:46,514 - INFO - epic_caboodle Step 0 - Initialize the configuration file parser
2025-01-06 15:28:47,034 - INFO - PERFORMANCE epic_caboodle The total process duration was:0.52
2025-01-06 15:28:47,034 - INFO - PERFORMANCE epic_caboodle Stop Time = 2025-01-06 15:28:47
2025-01-06 15:28:47,035 - INFO - PERFORMANCE epic_caboodle Short process duration less than 3 Seconds:0.52
2025-01-06 15:28:47,035 - INFO - PERFORMANCE epic_caboodle Performance optimization is not reccomended
2025-01-06 15:28:47,035 - INFO - END epic_caboodle =============================================

<<<<<<<<<<<<<<<<<<<<<<<<<<<<<<<<<<<<<<<<<<<<<<<<<<<<<<<<<<<<<<<<<<<<<<<<<<<<<<<<<<<<<<<<<<<<<<<<<<<<<<<<<<<<<<<<<<<<<<<<
                                                                                                                        
                                                                                                                        
>>>>>>>>>>>>>>>>>>>>>>>>>>>>>>>>>>>>>>>>>>>>>>>>>>>>>>>>>>>>>>>>>>>>>>>>>>>>>>>>>>>>>>>>>>>>>>>>>>>>>>>>>>>>>>>>>>>>>>>>
2025-01-06 16:00:44,859 - INFO - START epic_caboodle =============================================
2025-01-06 16:00:44,859 - INFO - START epic_caboodle Start Time = 2025-01-06 16:00:44
2025-01-06 16:00:44,859 - INFO - epic_caboodle Step 0 - Initialize the configuration file parser
2025-01-06 16:00:45,395 - INFO - PERFORMANCE epic_caboodle The total process duration was:0.54
2025-01-06 16:00:45,395 - INFO - PERFORMANCE epic_caboodle Stop Time = 2025-01-06 16:00:45
2025-01-06 16:00:45,395 - INFO - PERFORMANCE epic_caboodle Short process duration less than 3 Seconds:0.54
2025-01-06 16:00:45,395 - INFO - PERFORMANCE epic_caboodle Performance optimization is not reccomended
2025-01-06 16:00:45,395 - INFO - END epic_caboodle =============================================

<<<<<<<<<<<<<<<<<<<<<<<<<<<<<<<<<<<<<<<<<<<<<<<<<<<<<<<<<<<<<<<<<<<<<<<<<<<<<<<<<<<<<<<<<<<<<<<<<<<<<<<<<<<<<<<<<<<<<<<<
                                                                                                                        
                                                                                                                        
>>>>>>>>>>>>>>>>>>>>>>>>>>>>>>>>>>>>>>>>>>>>>>>>>>>>>>>>>>>>>>>>>>>>>>>>>>>>>>>>>>>>>>>>>>>>>>>>>>>>>>>>>>>>>>>>>>>>>>>>
2025-01-06 16:01:26,164 - INFO - START epic_caboodle =============================================
2025-01-06 16:01:26,164 - INFO - START epic_caboodle Start Time = 2025-01-06 16:01:26
2025-01-06 16:01:26,164 - INFO - epic_caboodle Step 0 - Initialize the configuration file parser
2025-01-06 16:01:26,685 - INFO - PERFORMANCE epic_caboodle The total process duration was:0.52
2025-01-06 16:01:26,685 - INFO - PERFORMANCE epic_caboodle Stop Time = 2025-01-06 16:01:26
2025-01-06 16:01:26,685 - INFO - PERFORMANCE epic_caboodle Short process duration less than 3 Seconds:0.52
2025-01-06 16:01:26,685 - INFO - PERFORMANCE epic_caboodle Performance optimization is not reccomended
2025-01-06 16:01:26,685 - INFO - END epic_caboodle =============================================

<<<<<<<<<<<<<<<<<<<<<<<<<<<<<<<<<<<<<<<<<<<<<<<<<<<<<<<<<<<<<<<<<<<<<<<<<<<<<<<<<<<<<<<<<<<<<<<<<<<<<<<<<<<<<<<<<<<<<<<<
                                                                                                                        
                                                                                                                        
>>>>>>>>>>>>>>>>>>>>>>>>>>>>>>>>>>>>>>>>>>>>>>>>>>>>>>>>>>>>>>>>>>>>>>>>>>>>>>>>>>>>>>>>>>>>>>>>>>>>>>>>>>>>>>>>>>>>>>>>
2025-01-06 16:03:15,980 - INFO - START epic_caboodle =============================================
2025-01-06 16:03:15,981 - INFO - START epic_caboodle Start Time = 2025-01-06 16:03:15
2025-01-06 16:03:15,981 - INFO - epic_caboodle Step 0 - Initialize the configuration file parser
2025-01-06 16:03:16,487 - INFO - PERFORMANCE epic_caboodle The total process duration was:0.51
2025-01-06 16:03:16,487 - INFO - PERFORMANCE epic_caboodle Stop Time = 2025-01-06 16:03:16
2025-01-06 16:03:16,488 - INFO - PERFORMANCE epic_caboodle Short process duration less than 3 Seconds:0.51
2025-01-06 16:03:16,488 - INFO - PERFORMANCE epic_caboodle Performance optimization is not reccomended
2025-01-06 16:03:16,488 - INFO - END epic_caboodle =============================================

<<<<<<<<<<<<<<<<<<<<<<<<<<<<<<<<<<<<<<<<<<<<<<<<<<<<<<<<<<<<<<<<<<<<<<<<<<<<<<<<<<<<<<<<<<<<<<<<<<<<<<<<<<<<<<<<<<<<<<<<
                                                                                                                        
                                                                                                                        
>>>>>>>>>>>>>>>>>>>>>>>>>>>>>>>>>>>>>>>>>>>>>>>>>>>>>>>>>>>>>>>>>>>>>>>>>>>>>>>>>>>>>>>>>>>>>>>>>>>>>>>>>>>>>>>>>>>>>>>>
2025-01-06 16:21:19,203 - INFO - START epic_caboodle =============================================
2025-01-06 16:21:19,203 - INFO - START epic_caboodle Start Time = 2025-01-06 16:21:19
2025-01-06 16:21:19,203 - INFO - epic_caboodle Step 0 - Initialize the configuration file parser
2025-01-06 16:21:19,725 - INFO - PERFORMANCE epic_caboodle The total process duration was:0.52
2025-01-06 16:21:19,725 - INFO - PERFORMANCE epic_caboodle Stop Time = 2025-01-06 16:21:19
2025-01-06 16:21:19,725 - INFO - PERFORMANCE epic_caboodle Short process duration less than 3 Seconds:0.52
2025-01-06 16:21:19,725 - INFO - PERFORMANCE epic_caboodle Performance optimization is not reccomended
2025-01-06 16:21:19,725 - INFO - END epic_caboodle =============================================

<<<<<<<<<<<<<<<<<<<<<<<<<<<<<<<<<<<<<<<<<<<<<<<<<<<<<<<<<<<<<<<<<<<<<<<<<<<<<<<<<<<<<<<<<<<<<<<<<<<<<<<<<<<<<<<<<<<<<<<<
                                                                                                                        
                                                                                                                        
>>>>>>>>>>>>>>>>>>>>>>>>>>>>>>>>>>>>>>>>>>>>>>>>>>>>>>>>>>>>>>>>>>>>>>>>>>>>>>>>>>>>>>>>>>>>>>>>>>>>>>>>>>>>>>>>>>>>>>>>
2025-01-06 16:25:15,244 - INFO - START epic_caboodle =============================================
2025-01-06 16:25:15,244 - INFO - START epic_caboodle Start Time = 2025-01-06 16:25:15
2025-01-06 16:25:15,244 - INFO - epic_caboodle Step 0 - Initialize the configuration file parser
2025-01-06 16:25:15,767 - INFO - PERFORMANCE epic_caboodle The total process duration was:0.52
2025-01-06 16:25:15,767 - INFO - PERFORMANCE epic_caboodle Stop Time = 2025-01-06 16:25:15
2025-01-06 16:25:15,767 - INFO - PERFORMANCE epic_caboodle Short process duration less than 3 Seconds:0.52
2025-01-06 16:25:15,767 - INFO - PERFORMANCE epic_caboodle Performance optimization is not reccomended
2025-01-06 16:25:15,768 - INFO - END epic_caboodle =============================================

<<<<<<<<<<<<<<<<<<<<<<<<<<<<<<<<<<<<<<<<<<<<<<<<<<<<<<<<<<<<<<<<<<<<<<<<<<<<<<<<<<<<<<<<<<<<<<<<<<<<<<<<<<<<<<<<<<<<<<<<
                                                                                                                        
                                                                                                                        
>>>>>>>>>>>>>>>>>>>>>>>>>>>>>>>>>>>>>>>>>>>>>>>>>>>>>>>>>>>>>>>>>>>>>>>>>>>>>>>>>>>>>>>>>>>>>>>>>>>>>>>>>>>>>>>>>>>>>>>>
2025-01-06 17:02:16,105 - INFO - START epic_caboodle =============================================
2025-01-06 17:02:16,105 - INFO - START epic_caboodle Start Time = 2025-01-06 17:02:16
2025-01-06 17:02:16,106 - INFO - epic_caboodle Step 0 - Initialize the configuration file parser
2025-01-06 17:02:16,642 - INFO - PERFORMANCE epic_caboodle The total process duration was:0.54
2025-01-06 17:02:16,642 - INFO - PERFORMANCE epic_caboodle Stop Time = 2025-01-06 17:02:16
2025-01-06 17:02:16,642 - INFO - PERFORMANCE epic_caboodle Short process duration less than 3 Seconds:0.54
2025-01-06 17:02:16,643 - INFO - PERFORMANCE epic_caboodle Performance optimization is not reccomended
2025-01-06 17:02:16,643 - INFO - END epic_caboodle =============================================

<<<<<<<<<<<<<<<<<<<<<<<<<<<<<<<<<<<<<<<<<<<<<<<<<<<<<<<<<<<<<<<<<<<<<<<<<<<<<<<<<<<<<<<<<<<<<<<<<<<<<<<<<<<<<<<<<<<<<<<<
                                                                                                                        
                                                                                                                        
>>>>>>>>>>>>>>>>>>>>>>>>>>>>>>>>>>>>>>>>>>>>>>>>>>>>>>>>>>>>>>>>>>>>>>>>>>>>>>>>>>>>>>>>>>>>>>>>>>>>>>>>>>>>>>>>>>>>>>>>
2025-01-06 17:02:59,803 - INFO - START epic_caboodle =============================================
2025-01-06 17:02:59,803 - INFO - START epic_caboodle Start Time = 2025-01-06 17:02:59
2025-01-06 17:02:59,803 - INFO - epic_caboodle Step 0 - Initialize the configuration file parser
2025-01-06 17:03:00,326 - INFO - PERFORMANCE epic_caboodle The total process duration was:0.52
2025-01-06 17:03:00,326 - INFO - PERFORMANCE epic_caboodle Stop Time = 2025-01-06 17:03:00
2025-01-06 17:03:00,326 - INFO - PERFORMANCE epic_caboodle Short process duration less than 3 Seconds:0.52
2025-01-06 17:03:00,326 - INFO - PERFORMANCE epic_caboodle Performance optimization is not reccomended
2025-01-06 17:03:00,326 - INFO - END epic_caboodle =============================================

<<<<<<<<<<<<<<<<<<<<<<<<<<<<<<<<<<<<<<<<<<<<<<<<<<<<<<<<<<<<<<<<<<<<<<<<<<<<<<<<<<<<<<<<<<<<<<<<<<<<<<<<<<<<<<<<<<<<<<<<
                                                                                                                        
                                                                                                                        
>>>>>>>>>>>>>>>>>>>>>>>>>>>>>>>>>>>>>>>>>>>>>>>>>>>>>>>>>>>>>>>>>>>>>>>>>>>>>>>>>>>>>>>>>>>>>>>>>>>>>>>>>>>>>>>>>>>>>>>>
2025-01-06 17:08:53,429 - INFO - START epic_caboodle =============================================
2025-01-06 17:08:53,429 - INFO - START epic_caboodle Start Time = 2025-01-06 17:08:53
2025-01-06 17:08:53,430 - INFO - epic_caboodle Step 0 - Initialize the configuration file parser
2025-01-06 17:08:53,933 - INFO - PERFORMANCE epic_caboodle The total process duration was:0.51
2025-01-06 17:08:53,933 - INFO - PERFORMANCE epic_caboodle Stop Time = 2025-01-06 17:08:53
2025-01-06 17:08:53,934 - INFO - PERFORMANCE epic_caboodle Short process duration less than 3 Seconds:0.51
2025-01-06 17:08:53,934 - INFO - PERFORMANCE epic_caboodle Performance optimization is not reccomended
2025-01-06 17:08:53,934 - INFO - END epic_caboodle =============================================

<<<<<<<<<<<<<<<<<<<<<<<<<<<<<<<<<<<<<<<<<<<<<<<<<<<<<<<<<<<<<<<<<<<<<<<<<<<<<<<<<<<<<<<<<<<<<<<<<<<<<<<<<<<<<<<<<<<<<<<<
                                                                                                                        
                                                                                                                        
>>>>>>>>>>>>>>>>>>>>>>>>>>>>>>>>>>>>>>>>>>>>>>>>>>>>>>>>>>>>>>>>>>>>>>>>>>>>>>>>>>>>>>>>>>>>>>>>>>>>>>>>>>>>>>>>>>>>>>>>
2025-01-06 17:09:30,991 - INFO - START epic_caboodle =============================================
2025-01-06 17:09:30,992 - INFO - START epic_caboodle Start Time = 2025-01-06 17:09:30
2025-01-06 17:09:30,992 - INFO - epic_caboodle Step 0 - Initialize the configuration file parser
2025-01-06 17:09:31,529 - INFO - PERFORMANCE epic_caboodle The total process duration was:0.54
2025-01-06 17:09:31,529 - INFO - PERFORMANCE epic_caboodle Stop Time = 2025-01-06 17:09:31
2025-01-06 17:09:31,529 - INFO - PERFORMANCE epic_caboodle Short process duration less than 3 Seconds:0.54
2025-01-06 17:09:31,529 - INFO - PERFORMANCE epic_caboodle Performance optimization is not reccomended
2025-01-06 17:09:31,530 - INFO - END epic_caboodle =============================================

<<<<<<<<<<<<<<<<<<<<<<<<<<<<<<<<<<<<<<<<<<<<<<<<<<<<<<<<<<<<<<<<<<<<<<<<<<<<<<<<<<<<<<<<<<<<<<<<<<<<<<<<<<<<<<<<<<<<<<<<
                                                                                                                        
                                                                                                                        
>>>>>>>>>>>>>>>>>>>>>>>>>>>>>>>>>>>>>>>>>>>>>>>>>>>>>>>>>>>>>>>>>>>>>>>>>>>>>>>>>>>>>>>>>>>>>>>>>>>>>>>>>>>>>>>>>>>>>>>>
2025-01-06 17:15:47,424 - INFO - START epic_caboodle =============================================
2025-01-06 17:15:47,424 - INFO - START epic_caboodle Start Time = 2025-01-06 17:15:47
2025-01-06 17:15:47,424 - INFO - epic_caboodle Step 0 - Initialize the configuration file parser
2025-01-06 17:15:47,941 - INFO - PERFORMANCE epic_caboodle The total process duration was:0.52
2025-01-06 17:15:47,942 - INFO - PERFORMANCE epic_caboodle Stop Time = 2025-01-06 17:15:47
2025-01-06 17:15:47,942 - INFO - PERFORMANCE epic_caboodle Short process duration less than 3 Seconds:0.52
2025-01-06 17:15:47,942 - INFO - PERFORMANCE epic_caboodle Performance optimization is not reccomended
2025-01-06 17:15:47,942 - INFO - END epic_caboodle =============================================

<<<<<<<<<<<<<<<<<<<<<<<<<<<<<<<<<<<<<<<<<<<<<<<<<<<<<<<<<<<<<<<<<<<<<<<<<<<<<<<<<<<<<<<<<<<<<<<<<<<<<<<<<<<<<<<<<<<<<<<<
                                                                                                                        
                                                                                                                        
>>>>>>>>>>>>>>>>>>>>>>>>>>>>>>>>>>>>>>>>>>>>>>>>>>>>>>>>>>>>>>>>>>>>>>>>>>>>>>>>>>>>>>>>>>>>>>>>>>>>>>>>>>>>>>>>>>>>>>>>
2025-01-06 17:19:33,681 - INFO - START epic_caboodle =============================================
2025-01-06 17:19:33,681 - INFO - START epic_caboodle Start Time = 2025-01-06 17:19:33
2025-01-06 17:19:33,681 - INFO - epic_caboodle Step 0 - Initialize the configuration file parser
2025-01-06 17:19:34,195 - INFO - PERFORMANCE epic_caboodle The total process duration was:0.52
2025-01-06 17:19:34,195 - INFO - PERFORMANCE epic_caboodle Stop Time = 2025-01-06 17:19:34
2025-01-06 17:19:34,195 - INFO - PERFORMANCE epic_caboodle Short process duration less than 3 Seconds:0.52
2025-01-06 17:19:34,195 - INFO - PERFORMANCE epic_caboodle Performance optimization is not reccomended
2025-01-06 17:19:34,195 - INFO - END epic_caboodle =============================================

<<<<<<<<<<<<<<<<<<<<<<<<<<<<<<<<<<<<<<<<<<<<<<<<<<<<<<<<<<<<<<<<<<<<<<<<<<<<<<<<<<<<<<<<<<<<<<<<<<<<<<<<<<<<<<<<<<<<<<<<
                                                                                                                        
